[0918/022600.483:ERROR:process_reader_win.cc(151)] SuspendThread: Access is denied. (0x5)
[0918/022600.484:ERROR:exception_snapshot_win.cc(99)] thread ID 26276 not found in process
[1013/220559.618:ERROR:directory_reader_win.cc(43)] FindFirstFile: The system cannot find the path specified. (0x3)
[1013/222856.801:ERROR:directory_reader_win.cc(43)] FindFirstFile: The system cannot find the path specified. (0x3)
[1013/223446.906:ERROR:directory_reader_win.cc(43)] FindFirstFile: The system cannot find the path specified. (0x3)
[1013/225058.085:ERROR:process_info.cc(329)] VirtualQueryEx: Access is denied. (0x5)
[1013/225058.085:ERROR:process_info.cc(556)] ReadMemoryInfo failed
[1013/225058.085:ERROR:process_memory_win.cc(39)] Failed to initialize ProcessInfo.
[1013/225058.086:ERROR:scoped_process_suspend.cc(40)] NtResumeProcess: An attempt was made to access an exiting process. (0xc000010a)
[1013/225323.991:ERROR:directory_reader_win.cc(43)] FindFirstFile: The system cannot find the path specified. (0x3)
[1013/230254.580:ERROR:directory_reader_win.cc(43)] FindFirstFile: The system cannot find the path specified. (0x3)
[1013/234319.425:ERROR:directory_reader_win.cc(43)] FindFirstFile: The system cannot find the path specified. (0x3)
[1014/002959.956:ERROR:directory_reader_win.cc(43)] FindFirstFile: The system cannot find the path specified. (0x3)
[1014/004614.975:ERROR:process_info.cc(329)] VirtualQueryEx: Access is denied. (0x5)
[1014/004614.975:ERROR:process_info.cc(556)] ReadMemoryInfo failed
[1014/004614.975:ERROR:process_memory_win.cc(39)] Failed to initialize ProcessInfo.
[1014/004614.975:ERROR:scoped_process_suspend.cc(40)] NtResumeProcess: An attempt was made to access an exiting process. (0xc000010a)
[1014/011045.130:ERROR:directory_reader_win.cc(43)] FindFirstFile: The system cannot find the path specified. (0x3)
[1014/014552.114:ERROR:directory_reader_win.cc(43)] FindFirstFile: The system cannot find the path specified. (0x3)
[1014/105551.152:ERROR:directory_reader_win.cc(43)] FindFirstFile: The system cannot find the path specified. (0x3)
[1014/120156.126:ERROR:directory_reader_win.cc(43)] FindFirstFile: The system cannot find the path specified. (0x3)
[1018/204705.207:ERROR:directory_reader_win.cc(43)] FindFirstFile: The system cannot find the path specified. (0x3)
[1020/124836.131:ERROR:directory_reader_win.cc(43)] FindFirstFile: The system cannot find the path specified. (0x3)
[1020/142608.613:ERROR:directory_reader_win.cc(43)] FindFirstFile: The system cannot find the path specified. (0x3)
